2015-04-10 19:11:43,968 WARN org.apache.hadoop.util.NativeCodeLoader: Unable to load native-hadoop library for your platform... using builtin-java classes where applicable
2015-04-10 19:11:44,296 INFO org.apache.hadoop.conf.Configuration.deprecation: session.id is deprecated. Instead, use dfs.metrics.session-id
2015-04-10 19:11:44,300 INFO org.apache.hadoop.metrics.jvm.JvmMetrics: Initializing JVM Metrics with processName=JobTracker, sessionId=
2015-04-10 19:11:45,004 WARN org.apache.hadoop.mapreduce.JobSubmitter: No job jar file set.  User classes may not be found. See Job or Job#setJar(String).
2015-04-10 19:11:45,020 INFO org.apache.hadoop.mapreduce.lib.input.FileInputFormat: Total input paths to process : 1
2015-04-10 19:11:45,068 INFO org.apache.hadoop.mapreduce.JobSubmitter: number of splits:1
2015-04-10 19:11:45,316 INFO org.apache.hadoop.mapreduce.JobSubmitter: Submitting tokens for job: job_local1343393447_0001
2015-04-10 19:11:45,425 WARN org.apache.hadoop.conf.Configuration: file:/tmp/hadoop-cloudera/mapred/staging/cloudera1343393447/.staging/job_local1343393447_0001/job.xml:an attempt to override final parameter: mapreduce.job.end-notification.max.retry.interval;  Ignoring.
2015-04-10 19:11:45,441 WARN org.apache.hadoop.conf.Configuration: file:/tmp/hadoop-cloudera/mapred/staging/cloudera1343393447/.staging/job_local1343393447_0001/job.xml:an attempt to override final parameter: mapreduce.job.end-notification.max.attempts;  Ignoring.
2015-04-10 19:11:45,757 WARN org.apache.hadoop.conf.Configuration: file:/tmp/hadoop-cloudera/mapred/local/localRunner/cloudera/job_local1343393447_0001/job_local1343393447_0001.xml:an attempt to override final parameter: mapreduce.job.end-notification.max.retry.interval;  Ignoring.
2015-04-10 19:11:45,773 WARN org.apache.hadoop.conf.Configuration: file:/tmp/hadoop-cloudera/mapred/local/localRunner/cloudera/job_local1343393447_0001/job_local1343393447_0001.xml:an attempt to override final parameter: mapreduce.job.end-notification.max.attempts;  Ignoring.
2015-04-10 19:11:45,794 INFO org.apache.hadoop.mapreduce.Job: The url to track the job: http://localhost:8080/
2015-04-10 19:11:45,795 INFO org.apache.hadoop.mapreduce.Job: Running job: job_local1343393447_0001
2015-04-10 19:11:45,798 INFO org.apache.hadoop.mapred.LocalJobRunner: OutputCommitter set in config null
2015-04-10 19:11:45,817 INFO org.apache.hadoop.mapred.LocalJobRunner: OutputCommitter is org.apache.hadoop.mapreduce.lib.output.FileOutputCommitter
2015-04-10 19:11:45,941 INFO org.apache.hadoop.mapred.LocalJobRunner: Waiting for map tasks
2015-04-10 19:11:45,946 INFO org.apache.hadoop.mapred.LocalJobRunner: Starting task: attempt_local1343393447_0001_m_000000_0
2015-04-10 19:11:46,011 INFO org.apache.hadoop.mapred.Task:  Using ResourceCalculatorProcessTree : [ ]
2015-04-10 19:11:46,016 INFO org.apache.hadoop.mapred.MapTask: Processing split: file:/home/cloudera/workspace/q1/pg100.txt:0+5589886
2015-04-10 19:11:46,156 INFO org.apache.hadoop.mapred.MapTask: (EQUATOR) 0 kvi 26214396(104857584)
2015-04-10 19:11:46,157 INFO org.apache.hadoop.mapred.MapTask: mapreduce.task.io.sort.mb: 100
2015-04-10 19:11:46,157 INFO org.apache.hadoop.mapred.MapTask: soft limit at 83886080
2015-04-10 19:11:46,157 INFO org.apache.hadoop.mapred.MapTask: bufstart = 0; bufvoid = 104857600
2015-04-10 19:11:46,157 INFO org.apache.hadoop.mapred.MapTask: kvstart = 26214396; length = 6553600
2015-04-10 19:11:46,160 INFO org.apache.hadoop.mapred.MapTask: Map output collector class = org.apache.hadoop.mapred.MapTask$MapOutputBuffer
2015-04-10 19:11:46,797 INFO org.apache.hadoop.mapreduce.Job: Job job_local1343393447_0001 running in uber mode : false
2015-04-10 19:11:46,799 INFO org.apache.hadoop.mapreduce.Job:  map 0% reduce 0%
2015-04-10 19:11:52,047 INFO org.apache.hadoop.mapred.LocalJobRunner: map > map
2015-04-10 19:11:52,804 INFO org.apache.hadoop.mapreduce.Job:  map 17% reduce 0%
2015-04-10 19:11:55,048 INFO org.apache.hadoop.mapred.LocalJobRunner: map > map
2015-04-10 19:11:55,807 INFO org.apache.hadoop.mapreduce.Job:  map 39% reduce 0%
2015-04-10 19:11:58,049 INFO org.apache.hadoop.mapred.LocalJobRunner: map > map
2015-04-10 19:11:58,589 INFO org.apache.hadoop.mapred.LocalJobRunner: map > map
2015-04-10 19:11:58,589 INFO org.apache.hadoop.mapred.MapTask: Starting flush of map output
2015-04-10 19:11:58,589 INFO org.apache.hadoop.mapred.MapTask: Spilling map output
2015-04-10 19:11:58,589 INFO org.apache.hadoop.mapred.MapTask: bufstart = 0; bufend = 5424366; bufvoid = 104857600
2015-04-10 19:11:58,589 INFO org.apache.hadoop.mapred.MapTask: kvstart = 26214396(104857584); kvend = 22598156(90392624); length = 3616241/6553600
2015-04-10 19:11:58,808 INFO org.apache.hadoop.mapreduce.Job:  map 63% reduce 0%
2015-04-10 19:11:59,687 INFO org.apache.hadoop.mapred.MapTask: Finished spill 0
2015-04-10 19:11:59,690 INFO org.apache.hadoop.mapred.Task: Task:attempt_local1343393447_0001_m_000000_0 is done. And is in the process of committing
2015-04-10 19:11:59,692 INFO org.apache.hadoop.mapred.LocalJobRunner: map
2015-04-10 19:11:59,692 INFO org.apache.hadoop.mapred.Task: Task 'attempt_local1343393447_0001_m_000000_0' done.
2015-04-10 19:11:59,692 INFO org.apache.hadoop.mapred.LocalJobRunner: Finishing task: attempt_local1343393447_0001_m_000000_0
2015-04-10 19:11:59,692 INFO org.apache.hadoop.mapred.LocalJobRunner: map task executor complete.
2015-04-10 19:11:59,694 INFO org.apache.hadoop.mapred.LocalJobRunner: Waiting for reduce tasks
2015-04-10 19:11:59,695 INFO org.apache.hadoop.mapred.LocalJobRunner: Starting task: attempt_local1343393447_0001_r_000000_0
2015-04-10 19:11:59,705 INFO org.apache.hadoop.mapred.Task:  Using ResourceCalculatorProcessTree : [ ]
2015-04-10 19:11:59,708 INFO org.apache.hadoop.mapred.ReduceTask: Using ShuffleConsumerPlugin: org.apache.hadoop.mapreduce.task.reduce.Shuffle@2fb19798
2015-04-10 19:11:59,721 INFO org.apache.hadoop.mapreduce.task.reduce.MergeManagerImpl: MergerManager: memoryLimit=679778688, maxSingleShuffleLimit=169944672, mergeThreshold=448653952, ioSortFactor=10, memToMemMergeOutputsThreshold=10
2015-04-10 19:11:59,728 INFO org.apache.hadoop.mapreduce.task.reduce.EventFetcher: attempt_local1343393447_0001_r_000000_0 Thread started: EventFetcher for fetching Map Completion Events
2015-04-10 19:11:59,753 INFO org.apache.hadoop.mapreduce.task.reduce.LocalFetcher: localfetcher#1 about to shuffle output of map attempt_local1343393447_0001_m_000000_0 decomp: 7232490 len: 7232494 to MEMORY
2015-04-10 19:11:59,778 INFO org.apache.hadoop.mapreduce.task.reduce.InMemoryMapOutput: Read 7232490 bytes from map-output for attempt_local1343393447_0001_m_000000_0
2015-04-10 19:11:59,809 INFO org.apache.hadoop.mapreduce.Job:  map 100% reduce 0%
2015-04-10 19:11:59,811 INFO org.apache.hadoop.mapreduce.task.reduce.MergeManagerImpl: closeInMemoryFile -> map-output of size: 7232490, inMemoryMapOutputs.size() -> 1, commitMemory -> 0, usedMemory ->7232490
2015-04-10 19:11:59,812 INFO org.apache.hadoop.mapreduce.task.reduce.EventFetcher: EventFetcher is interrupted.. Returning
2015-04-10 19:11:59,813 INFO org.apache.hadoop.mapred.LocalJobRunner: 1 / 1 copied.
2015-04-10 19:11:59,813 INFO org.apache.hadoop.mapreduce.task.reduce.MergeManagerImpl: finalMerge called with 1 in-memory map-outputs and 0 on-disk map-outputs
2015-04-10 19:11:59,819 INFO org.apache.hadoop.mapred.Merger: Merging 1 sorted segments
2015-04-10 19:11:59,819 INFO org.apache.hadoop.mapred.Merger: Down to the last merge-pass, with 1 segments left of total size: 7232486 bytes
2015-04-10 19:12:00,409 INFO org.apache.hadoop.mapreduce.task.reduce.MergeManagerImpl: Merged 1 segments, 7232490 bytes to disk to satisfy reduce memory limit
2015-04-10 19:12:00,409 INFO org.apache.hadoop.mapreduce.task.reduce.MergeManagerImpl: Merging 1 files, 7232494 bytes from disk
2015-04-10 19:12:00,409 INFO org.apache.hadoop.mapreduce.task.reduce.MergeManagerImpl: Merging 0 segments, 0 bytes from memory into reduce
2015-04-10 19:12:00,410 INFO org.apache.hadoop.mapred.Merger: Merging 1 sorted segments
2015-04-10 19:12:00,411 INFO org.apache.hadoop.mapred.Merger: Down to the last merge-pass, with 1 segments left of total size: 7232486 bytes
2015-04-10 19:12:00,411 INFO org.apache.hadoop.mapred.LocalJobRunner: 1 / 1 copied.
2015-04-10 19:12:00,417 INFO org.apache.hadoop.conf.Configuration.deprecation: mapred.skip.on is deprecated. Instead, use mapreduce.job.skiprecords
2015-04-10 19:12:01,182 INFO org.apache.hadoop.mapred.Task: Task:attempt_local1343393447_0001_r_000000_0 is done. And is in the process of committing
2015-04-10 19:12:01,188 INFO org.apache.hadoop.mapred.LocalJobRunner: 1 / 1 copied.
2015-04-10 19:12:01,189 INFO org.apache.hadoop.mapred.Task: Task attempt_local1343393447_0001_r_000000_0 is allowed to commit now
2015-04-10 19:12:01,190 INFO org.apache.hadoop.mapreduce.lib.output.FileOutputCommitter: Saved output of task 'attempt_local1343393447_0001_r_000000_0' to file:/home/cloudera/workspace/q1/output/_temporary/0/task_local1343393447_0001_r_000000
2015-04-10 19:12:01,192 INFO org.apache.hadoop.mapred.LocalJobRunner: reduce > reduce
2015-04-10 19:12:01,193 INFO org.apache.hadoop.mapred.Task: Task 'attempt_local1343393447_0001_r_000000_0' done.
2015-04-10 19:12:01,193 INFO org.apache.hadoop.mapred.LocalJobRunner: Finishing task: attempt_local1343393447_0001_r_000000_0
2015-04-10 19:12:01,193 INFO org.apache.hadoop.mapred.LocalJobRunner: reduce task executor complete.
2015-04-10 19:12:01,811 INFO org.apache.hadoop.mapreduce.Job:  map 100% reduce 100%
2015-04-10 19:12:01,812 INFO org.apache.hadoop.mapreduce.Job: Job job_local1343393447_0001 completed successfully
2015-04-10 19:12:01,833 INFO org.apache.hadoop.mapreduce.Job: Counters: 33
	File System Counters
		FILE: Number of bytes read=25645120
		FILE: Number of bytes written=22198758
		FILE: Number of read operations=0
		FILE: Number of large read operations=0
		FILE: Number of write operations=0
	Map-Reduce Framework
		Map input records=124787
		Map output records=904061
		Map output bytes=5424366
		Map output materialized bytes=7232494
		Input split bytes=107
		Combine input records=0
		Combine output records=0
		Reduce input groups=53
		Reduce shuffle bytes=7232494
		Reduce input records=904061
		Reduce output records=53
		Spilled Records=1808122
		Shuffled Maps =1
		Failed Shuffles=0
		Merged Map outputs=1
		GC time elapsed (ms)=59
		CPU time spent (ms)=0
		Physical memory (bytes) snapshot=0
		Virtual memory (bytes) snapshot=0
		Total committed heap usage (bytes)=331227136
	Shuffle Errors
		BAD_ID=0
		CONNECTION=0
		IO_ERROR=0
		WRONG_LENGTH=0
		WRONG_MAP=0
		WRONG_REDUCE=0
	File Input Format Counters 
		Bytes Read=5589886
	File Output Format Counters 
		Bytes Written=344
